#
# A fatal error has been detected by the Java Runtime Environment:
#
#  Internal Error (./open/src/hotspot/share/oops/generateOopMap.cpp:2164), pid=18096, tid=21184
#  fatal error: Illegal class file encountered. Try running with -Xverify:all in method clean
#
# JRE version: Java(TM) SE Runtime Environment 18.9 (11.0.16+11) (build 11.0.16+11-LTS-199)
# Java VM: Java HotSpot(TM) 64-Bit Server VM 18.9 (11.0.16+11-LTS-199, mixed mode, tiered, compressed oops, g1 gc, windows-amd64)
# No core dump will be written. Minidumps are not enabled by default on client versions of Windows
#
# If you would like to submit a bug report, please visit:
#   https://bugreport.java.com/bugreport/crash.jsp
#

---------------  S U M M A R Y ------------

Command Line: -agentlib:jdwp=transport=dt_socket,suspend=y,address=localhost:55408 -javaagent:D:\Eclipse\sds-ee\eclipse\configuration\org.eclipse.osgi\469\0\.cp\lib\javaagent-shaded.jar -Dfile.encoding=UTF-8 exercism.org.SqueakyClean

Host: Intel(R) Xeon(R) W-1290 CPU @ 3.20GHz, 20 cores, 63G,  Windows 10 , 64 bit Build 19041 (10.0.19041.3155)
Time: Wed Jul 26 16:09:32 2023 Hora oficial do Brasil elapsed time: 1197.166596 seconds (0d 0h 19m 57s)

---------------  T H R E A D  ---------------

Current thread (0x000001967df20800):  GCTaskThread "GC Thread#1" [stack: 0x0000006004200000,0x0000006004300000] [id=21184]

Stack: [0x0000006004200000,0x0000006004300000]
[error occurred during error reporting (printing stack bounds), id 0xc0000005, EXCEPTION_ACCESS_VIOLATION (0xc0000005) at pc=0x0000019600000f2d]

Native frames: (J=compiled Java code, j=interpreted, Vv=VM code, C=native code)
V  [jvm.dll+0x62a3ea]
V  [jvm.dll+0x76418f]
V  [jvm.dll+0x765839]
V  [jvm.dll+0x765e25]
V  [jvm.dll+0x765ddb]
V  [jvm.dll+0x6298d3]
V  [jvm.dll+0x629fe8]
C  [ntdll.dll+0xa23af]
C  [ntdll.dll+0x514b4]
C  [ntdll.dll+0xa0ebe]
C  0x0000019600000f2d

JavaThread 0x000001966bbea000 (nid = 18568) was being processed
Java frames: (J=compiled Java code, j=interpreted, Vv=VM code)
j  java.util.regex.Pattern.compile()V+143 java.base@11.0.16
j  java.util.regex.Pattern.<init>(Ljava/lang/String;I)V+108 java.base@11.0.16
j  java.util.regex.Pattern.compile(Ljava/lang/String;)Ljava/util/regex/Pattern;+6 java.base@11.0.16
j  java.util.regex.Pattern.matches(Ljava/lang/String;Ljava/lang/CharSequence;)Z+1 java.base@11.0.16
j  java.lang.String.matches(Ljava/lang/String;)Z+2 java.base@11.0.16
j  exercism.org.SqueakyClean.clean(Ljava/lang/String;)Ljava/lang/String;+42
j  exercism.org.SqueakyClean.main([Ljava/lang/String;)V+5
v  ~StubRoutines::call_stub

---------------  P R O C E S S  ---------------

Threads class SMR info:
_java_thread_list=0x000001967e07de80, length=13, elements={
0x000001966bbea000, 0x000001967d29a800, 0x000001967d2c6000, 0x000001967d319800,
0x000001967d31a800, 0x000001967d31e800, 0x000001967d32d800, 0x000001967d32e800,
0x000001967d339800, 0x000001967d495000, 0x000001967df19800, 0x000001967deff800,
0x000001967df00800
}

Java Threads: ( => current thread )
  0x000001966bbea000 JavaThread "main" [_thread_blocked, id=18568, stack(0x0000006002e00000,0x0000006002f00000)]
  0x000001967d29a800 JavaThread "Reference Handler" daemon [_thread_blocked, id=31236, stack(0x0000006003700000,0x0000006003800000)]
  0x000001967d2c6000 JavaThread "Finalizer" daemon [_thread_blocked, id=14108, stack(0x0000006003800000,0x0000006003900000)]
  0x000001967d319800 JavaThread "Signal Dispatcher" daemon [_thread_blocked, id=28084, stack(0x0000006003900000,0x0000006003a00000)]
  0x000001967d31a800 JavaThread "Attach Listener" daemon [_thread_blocked, id=20084, stack(0x0000006003a00000,0x0000006003b00000)]
  0x000001967d31e800 JavaThread "Service Thread" daemon [_thread_blocked, id=18908, stack(0x0000006003b00000,0x0000006003c00000)]
  0x000001967d32d800 JavaThread "C2 CompilerThread0" daemon [_thread_blocked, id=15896, stack(0x0000006003c00000,0x0000006003d00000)]
  0x000001967d32e800 JavaThread "C1 CompilerThread0" daemon [_thread_blocked, id=1344, stack(0x0000006003d00000,0x0000006003e00000)]
  0x000001967d339800 JavaThread "Sweeper thread" daemon [_thread_blocked, id=20780, stack(0x0000006003e00000,0x0000006003f00000)]
  0x000001967d495000 JavaThread "Common-Cleaner" daemon [_thread_blocked, id=6236, stack(0x0000006003f00000,0x0000006004000000)]
  0x000001967df19800 JavaThread "JDWP Transport Listener: dt_socket" daemon [_thread_blocked, id=32316, stack(0x0000006004600000,0x0000006004700000)]
  0x000001967deff800 JavaThread "JDWP Event Helper Thread" daemon [_thread_blocked, id=16016, stack(0x0000006004700000,0x0000006004800000)]
  0x000001967df00800 JavaThread "JDWP Command Reader" daemon [_thread_in_native, id=1092, stack(0x0000006004800000,0x0000006004900000)]

Other Threads:
  0x000001967d297000 VMThread "VM Thread" [stack: 0x0000006003600000,0x0000006003700000] [id=21892]
  0x000001967dff1800 WatcherThread [stack: 0x0000006004400000,0x0000006004500000] [id=11904]
  0x000001966bbff800 GCTaskThread "GC Thread#0" [stack: 0x0000006002f00000,0x0000006003000000] [id=21080]
=>0x000001967df20800 GCTaskThread "GC Thread#1" [stack: 0x0000006004200000,0x0000006004300000] [id=21184]
  0x000001967df21000 GCTaskThread "GC Thread#2" [stack: 0x0000006004300000,0x0000006004400000] [id=28588]
  0x000001967df21800 GCTaskThread "GC Thread#3" [stack: 0x0000006004900000,0x0000006004a00000] [id=6176]
  0x000001967df1f800 GCTaskThread "GC Thread#4" [stack: 0x0000006004a00000,0x0000006004b00000] [id=14760]
  0x000001967df22800 GCTaskThread "GC Thread#5" [stack: 0x0000006004b00000,0x0000006004c00000] [id=10784]
  0x000001967df24000 GCTaskThread "GC Thread#6" [stack: 0x0000006004c00000,0x0000006004d00000] [id=20720]
  0x000001967df23000 GCTaskThread "GC Thread#7" [stack: 0x0000006004d00000,0x0000006004e00000] [id=25792]
  0x000001967df24800 GCTaskThread "GC Thread#8" [stack: 0x0000006004e00000,0x0000006004f00000] [id=31428]
  0x000001967df27000 GCTaskThread "GC Thread#9" [stack: 0x0000006004f00000,0x0000006005000000] [id=18180]
  0x000001967df25800 GCTaskThread "GC Thread#10" [stack: 0x0000006005000000,0x0000006005100000] [id=19172]
  0x000001967df26000 GCTaskThread "GC Thread#11" [stack: 0x0000006005100000,0x0000006005200000] [id=22736]
  0x000001967dff5800 GCTaskThread "GC Thread#12" [stack: 0x0000006005200000,0x0000006005300000] [id=23612]
  0x000001967dff4000 GCTaskThread "GC Thread#13" [stack: 0x0000006005300000,0x0000006005400000] [id=17300]
  0x000001967dff5000 GCTaskThread "GC Thread#14" [stack: 0x0000006005400000,0x0000006005500000] [id=6712]
  0x000001966bc3a000 ConcurrentGCThread "G1 Main Marker" [stack: 0x0000006003000000,0x0000006003100000] [id=6064]
  0x0000019673d45000 ConcurrentGCThread "G1 Conc#0" [stack: 0x0000006003300000,0x0000006003400000] [id=1712]
  0x000001967d0fc800 ConcurrentGCThread "G1 Refine#0" [stack: 0x0000006003400000,0x0000006003500000] [id=30148]
  0x000001967d0fd800 ConcurrentGCThread "G1 Young RemSet Sampling" [stack: 0x0000006003500000,0x0000006003600000] [id=18968]

Threads with active compile tasks:

VM state:at safepoint (normal execution)

VM Mutex/Monitor currently owned by a thread:  ([mutex/lock_event])
[0x000001966bbe3880] Threads_lock - owner thread: 0x000001967d297000
[0x000001966bbe6e50] Heap_lock - owner thread: 0x000001966bbea000

Heap address: 0x0000000403800000, size: 16328 MB, Compressed Oops mode: Zero based, Oop shift amount: 3
Narrow klass base: 0x0000000800000000, Narrow klass shift: 0
Compressed class space size: 1073741824 Address: 0x0000000800000000

Heap:
 garbage-first heap   total 1048576K, used 652739K [0x0000000403800000, 0x0000000800000000)
  region size 4096K, 153 young (626688K), 1 survivors (4096K)
 Metaspace       used 9031K, capacity 9127K, committed 9344K, reserved 1058816K
  class space    used 790K, capacity 805K, committed 896K, reserved 1048576K
Heap Regions: E=young(eden), S=young(survivor), O=old, HS=humongous(starts), HC=humongous(continues), CS=collection set, F=free, A=archive, TAMS=top-at-mark-start (previous, next)
|   0|0x0000000403800000, 0x000000040396c400, 0x0000000403c00000| 35%| O|  |TAMS 0x0000000403800000, 0x0000000403800000| Untracked 
|   1|0x0000000403c00000, 0x0000000403c00000, 0x0000000404000000|  0%| F|  |TAMS 0x0000000403c00000, 0x0000000403c00000| Untracked 
|   2|0x0000000404000000, 0x0000000404000000, 0x0000000404400000|  0%| F|  |TAMS 0x0000000404000000, 0x0000000404000000| Untracked 
|   3|0x0000000404400000, 0x0000000404400000, 0x0000000404800000|  0%| F|  |TAMS 0x0000000404400000, 0x0000000404400000| Untracked 
|   4|0x0000000404800000, 0x0000000404800000, 0x0000000404c00000|  0%| F|  |TAMS 0x0000000404800000, 0x0000000404800000| Untracked 
|   5|0x0000000404c00000, 0x0000000404c00000, 0x0000000405000000|  0%| F|  |TAMS 0x0000000404c00000, 0x0000000404c00000| Untracked 
|   6|0x0000000405000000, 0x0000000405000000, 0x0000000405400000|  0%| F|  |TAMS 0x0000000405000000, 0x0000000405000000| Untracked 
|   7|0x0000000405400000, 0x0000000405800000, 0x0000000405800000|100%|HS|  |TAMS 0x0000000405400000, 0x0000000405400000| Complete 
|   8|0x0000000405800000, 0x0000000405c00000, 0x0000000405c00000|100%|HC|  |TAMS 0x0000000405800000, 0x0000000405800000| Complete 
|   9|0x0000000405c00000, 0x0000000406000000, 0x0000000406000000|100%|HC|  |TAMS 0x0000000405c00000, 0x0000000405c00000| Complete 
|  10|0x0000000406000000, 0x0000000406400000, 0x0000000406400000|100%|HC|  |TAMS 0x0000000406000000, 0x0000000406000000| Complete 
|  11|0x0000000406400000, 0x0000000406800000, 0x0000000406800000|100%|HC|  |TAMS 0x0000000406400000, 0x0000000406400000| Complete 
|  12|0x0000000406800000, 0x0000000406c00000, 0x0000000406c00000|100%|HC|  |TAMS 0x0000000406800000, 0x0000000406800000| Complete 
|  13|0x0000000406c00000, 0x0000000407000000, 0x0000000407000000|100%|HC|  |TAMS 0x0000000406c00000, 0x0000000406c00000| Complete 
|  14|0x0000000407000000, 0x0000000407000000, 0x0000000407400000|  0%| F|  |TAMS 0x0000000407000000, 0x0000000407000000| Untracked 
|  15|0x0000000407400000, 0x0000000407400000, 0x0000000407800000|  0%| F|  |TAMS 0x0000000407400000, 0x0000000407400000| Untracked 
|  16|0x0000000407800000, 0x0000000407800000, 0x0000000407c00000|  0%| F|  |TAMS 0x0000000407800000, 0x0000000407800000| Untracked 
|  17|0x0000000407c00000, 0x0000000407c00000, 0x0000000408000000|  0%| F|  |TAMS 0x0000000407c00000, 0x0000000407c00000| Untracked 
|  18|0x0000000408000000, 0x0000000408000000, 0x0000000408400000|  0%| F|  |TAMS 0x0000000408000000, 0x0000000408000000| Untracked 
|  19|0x0000000408400000, 0x0000000408400000, 0x0000000408800000|  0%| F|  |TAMS 0x0000000408400000, 0x0000000408400000| Untracked 
|  20|0x0000000408800000, 0x0000000408800000, 0x0000000408c00000|  0%| F|  |TAMS 0x0000000408800000, 0x0000000408800000| Untracked 
|  21|0x0000000408c00000, 0x0000000408c00000, 0x0000000409000000|  0%| F|  |TAMS 0x0000000408c00000, 0x0000000408c00000| Untracked 
|  22|0x0000000409000000, 0x0000000409000000, 0x0000000409400000|  0%| F|  |TAMS 0x0000000409000000, 0x0000000409000000| Untracked 
|  23|0x0000000409400000, 0x0000000409400000, 0x0000000409800000|  0%| F|  |TAMS 0x0000000409400000, 0x0000000409400000| Untracked 
|  24|0x0000000409800000, 0x0000000409800000, 0x0000000409c00000|  0%| F|  |TAMS 0x0000000409800000, 0x0000000409800000| Untracked 
|  25|0x0000000409c00000, 0x0000000409c00000, 0x000000040a000000|  0%| F|  |TAMS 0x0000000409c00000, 0x0000000409c00000| Untracked 
|  26|0x000000040a000000, 0x000000040a000000, 0x000000040a400000|  0%| F|  |TAMS 0x000000040a000000, 0x000000040a000000| Untracked 
|  27|0x000000040a400000, 0x000000040a400000, 0x000000040a800000|  0%| F|  |TAMS 0x000000040a400000, 0x000000040a400000| Untracked 
|  28|0x000000040a800000, 0x000000040a800000, 0x000000040ac00000|  0%| F|  |TAMS 0x000000040a800000, 0x000000040a800000| Untracked 
|  29|0x000000040ac00000, 0x000000040ac00000, 0x000000040b000000|  0%| F|  |TAMS 0x000000040ac00000, 0x000000040ac00000| Untracked 
|  30|0x000000040b000000, 0x000000040b000000, 0x000000040b400000|  0%| F|  |TAMS 0x000000040b000000, 0x000000040b000000| Untracked 
|  31|0x000000040b400000, 0x000000040b400000, 0x000000040b800000|  0%| F|  |TAMS 0x000000040b400000, 0x000000040b400000| Untracked 
|  32|0x000000040b800000, 0x000000040b800000, 0x000000040bc00000|  0%| F|  |TAMS 0x000000040b800000, 0x000000040b800000| Untracked 
|  33|0x000000040bc00000, 0x000000040bc00000, 0x000000040c000000|  0%| F|  |TAMS 0x000000040bc00000, 0x000000040bc00000| Untracked 
|  34|0x000000040c000000, 0x000000040c000000, 0x000000040c400000|  0%| F|  |TAMS 0x000000040c000000, 0x000000040c000000| Untracked 
|  35|0x000000040c400000, 0x000000040c400000, 0x000000040c800000|  0%| F|  |TAMS 0x000000040c400000, 0x000000040c400000| Untracked 
|  36|0x000000040c800000, 0x000000040c800000, 0x000000040cc00000|  0%| F|  |TAMS 0x000000040c800000, 0x000000040c800000| Untracked 
|  37|0x000000040cc00000, 0x000000040cc00000, 0x000000040d000000|  0%| F|  |TAMS 0x000000040cc00000, 0x000000040cc00000| Untracked 
|  38|0x000000040d000000, 0x000000040d000000, 0x000000040d400000|  0%| F|  |TAMS 0x000000040d000000, 0x000000040d000000| Untracked 
|  39|0x000000040d400000, 0x000000040d400000, 0x000000040d800000|  0%| F|  |TAMS 0x000000040d400000, 0x000000040d400000| Untracked 
|  40|0x000000040d800000, 0x000000040d800000, 0x000000040dc00000|  0%| F|  |TAMS 0x000000040d800000, 0x000000040d800000| Untracked 
|  41|0x000000040dc00000, 0x000000040dc00000, 0x000000040e000000|  0%| F|  |TAMS 0x000000040dc00000, 0x000000040dc00000| Untracked 
|  42|0x000000040e000000, 0x000000040e000000, 0x000000040e400000|  0%| F|  |TAMS 0x000000040e000000, 0x000000040e000000| Untracked 
|  43|0x000000040e400000, 0x000000040e400000, 0x000000040e800000|  0%| F|  |TAMS 0x000000040e400000, 0x000000040e400000| Untracked 
|  44|0x000000040e800000, 0x000000040e800000, 0x000000040ec00000|  0%| F|  |TAMS 0x000000040e800000, 0x000000040e800000| Untracked 
|  45|0x000000040ec00000, 0x000000040ec00000, 0x000000040f000000|  0%| F|  |TAMS 0x000000040ec00000, 0x000000040ec00000| Untracked 
|  46|0x000000040f000000, 0x000000040f000000, 0x000000040f400000|  0%| F|  |TAMS 0x000000040f000000, 0x000000040f000000| Untracked 
|  47|0x000000040f400000, 0x000000040f400000, 0x000000040f800000|  0%| F|  |TAMS 0x000000040f400000, 0x000000040f400000| Untracked 
|  48|0x000000040f800000, 0x000000040f800000, 0x000000040fc00000|  0%| F|  |TAMS 0x000000040f800000, 0x000000040f800000| Untracked 
|  49|0x000000040fc00000, 0x000000040fc00000, 0x0000000410000000|  0%| F|  |TAMS 0x000000040fc00000, 0x000000040fc00000| Untracked 
|  50|0x0000000410000000, 0x0000000410000000, 0x0000000410400000|  0%| F|  |TAMS 0x0000000410000000, 0x0000000410000000| Untracked 
|  51|0x0000000410400000, 0x0000000410400000, 0x0000000410800000|  0%| F|  |TAMS 0x0000000410400000, 0x0000000410400000| Untracked 
|  52|0x0000000410800000, 0x0000000410800000, 0x0000000410c00000|  0%| F|  |TAMS 0x0000000410800000, 0x0000000410800000| Untracked 
|  53|0x0000000410c00000, 0x0000000410c00000, 0x0000000411000000|  0%| F|  |TAMS 0x0000000410c00000, 0x0000000410c00000| Untracked 
|  54|0x0000000411000000, 0x0000000411000000, 0x0000000411400000|  0%| F|  |TAMS 0x0000000411000000, 0x0000000411000000| Untracked 
|  55|0x0000000411400000, 0x0000000411400000, 0x0000000411800000|  0%| F|  |TAMS 0x0000000411400000, 0x0000000411400000| Untracked 
|  56|0x0000000411800000, 0x0000000411800000, 0x0000000411c00000|  0%| F|  |TAMS 0x0000000411800000, 0x0000000411800000| Untracked 
|  57|0x0000000411c00000, 0x0000000411c00000, 0x0000000412000000|  0%| F|  |TAMS 0x0000000411c00000, 0x0000000411c00000| Untracked 
|  58|0x0000000412000000, 0x0000000412000000, 0x0000000412400000|  0%| F|  |TAMS 0x0000000412000000, 0x0000000412000000| Untracked 
|  59|0x0000000412400000, 0x0000000412400000, 0x0000000412800000|  0%| F|  |TAMS 0x0000000412400000, 0x0000000412400000| Untracked 
|  60|0x0000000412800000, 0x0000000412800000, 0x0000000412c00000|  0%| F|  |TAMS 0x0000000412800000, 0x0000000412800000| Untracked 
|  61|0x0000000412c00000, 0x0000000412c00000, 0x0000000413000000|  0%| F|  |TAMS 0x0000000412c00000, 0x0000000412c00000| Untracked 
|  62|0x0000000413000000, 0x0000000413000000, 0x0000000413400000|  0%| F|  |TAMS 0x0000000413000000, 0x0000000413000000| Untracked 
|  63|0x0000000413400000, 0x0000000413400000, 0x0000000413800000|  0%| F|  |TAMS 0x0000000413400000, 0x0000000413400000| Untracked 
|  64|0x0000000413800000, 0x0000000413800000, 0x0000000413c00000|  0%| F|  |TAMS 0x0000000413800000, 0x0000000413800000| Untracked 
|  65|0x0000000413c00000, 0x0000000413c00000, 0x0000000414000000|  0%| F|  |TAMS 0x0000000413c00000, 0x0000000413c00000| Untracked 
|  66|0x0000000414000000, 0x0000000414000000, 0x0000000414400000|  0%| F|  |TAMS 0x0000000414000000, 0x0000000414000000| Untracked 
|  67|0x0000000414400000, 0x0000000414400000, 0x0000000414800000|  0%| F|  |TAMS 0x0000000414400000, 0x0000000414400000| Untracked 
|  68|0x0000000414800000, 0x0000000414800000, 0x0000000414c00000|  0%| F|  |TAMS 0x0000000414800000, 0x0000000414800000| Untracked 
|  69|0x0000000414c00000, 0x0000000414c00000, 0x0000000415000000|  0%| F|  |TAMS 0x0000000414c00000, 0x0000000414c00000| Untracked 
|  70|0x0000000415000000, 0x0000000415000000, 0x0000000415400000|  0%| F|  |TAMS 0x0000000415000000, 0x0000000415000000| Untracked 
|  71|0x0000000415400000, 0x0000000415400000, 0x0000000415800000|  0%| F|  |TAMS 0x0000000415400000, 0x0000000415400000| Untracked 
|  72|0x0000000415800000, 0x0000000415800000, 0x0000000415c00000|  0%| F|  |TAMS 0x0000000415800000, 0x0000000415800000| Untracked 
|  73|0x0000000415c00000, 0x0000000415c00000, 0x0000000416000000|  0%| F|  |TAMS 0x0000000415c00000, 0x0000000415c00000| Untracked 
|  74|0x0000000416000000, 0x0000000416000000, 0x0000000416400000|  0%| F|  |TAMS 0x0000000416000000, 0x0000000416000000| Untracked 
|  75|0x0000000416400000, 0x0000000416400000, 0x0000000416800000|  0%| F|  |TAMS 0x0000000416400000, 0x0000000416400000| Untracked 
|  76|0x0000000416800000, 0x0000000416800000, 0x0000000416c00000|  0%| F|  |TAMS 0x0000000416800000, 0x0000000416800000| Untracked 
|  77|0x0000000416c00000, 0x0000000416c00000, 0x0000000417000000|  0%| F|  |TAMS 0x0000000416c00000, 0x0000000416c00000| Untracked 
|  78|0x0000000417000000, 0x0000000417000000, 0x0000000417400000|  0%| F|  |TAMS 0x0000000417000000, 0x0000000417000000| Untracked 
|  79|0x0000000417400000, 0x0000000417400000, 0x0000000417800000|  0%| F|  |TAMS 0x0000000417400000, 0x0000000417400000| Untracked 
|  80|0x0000000417800000, 0x0000000417800000, 0x0000000417c00000|  0%| F|  |TAMS 0x0000000417800000, 0x0000000417800000| Untracked 
|  81|0x0000000417c00000, 0x0000000417c00000, 0x0000000418000000|  0%| F|  |TAMS 0x0000000417c00000, 0x0000000417c00000| Untracked 
|  82|0x0000000418000000, 0x0000000418000000, 0x0000000418400000|  0%| F|  |TAMS 0x0000000418000000, 0x0000000418000000| Untracked 
|  83|0x0000000418400000, 0x0000000418400000, 0x0000000418800000|  0%| F|  |TAMS 0x0000000418400000, 0x0000000418400000| Untracked 
|  84|0x0000000418800000, 0x0000000418800000, 0x0000000418c00000|  0%| F|  |TAMS 0x0000000418800000, 0x0000000418800000| Untracked 
|  85|0x0000000418c00000, 0x0000000418c00000, 0x0000000419000000|  0%| F|  |TAMS 0x0000000418c00000, 0x0000000418c00000| Untracked 
|  86|0x0000000419000000, 0x0000000419000000, 0x0000000419400000|  0%| F|  |TAMS 0x0000000419000000, 0x0000000419000000| Untracked 
|  87|0x0000000419400000, 0x0000000419400000, 0x0000000419800000|  0%| F|  |TAMS 0x0000000419400000, 0x0000000419400000| Untracked 
|  88|0x0000000419800000, 0x0000000419800000, 0x0000000419c00000|  0%| F|  |TAMS 0x0000000419800000, 0x0000000419800000| Untracked 
|  89|0x0000000419c00000, 0x0000000419c00000, 0x000000041a000000|  0%| F|  |TAMS 0x0000000419c00000, 0x0000000419c00000| Untracked 
|  90|0x000000041a000000, 0x000000041a000000, 0x000000041a400000|  0%| F|  |TAMS 0x000000041a000000, 0x000000041a000000| Untracked 
|  91|0x000000041a400000, 0x000000041a400000, 0x000000041a800000|  0%| F|  |TAMS 0x000000041a400000, 0x000000041a400000| Untracked 
|  92|0x000000041a800000, 0x000000041a800000, 0x000000041ac00000|  0%| F|  |TAMS 0x000000041a800000, 0x000000041a800000| Untracked 
|  93|0x000000041ac00000, 0x000000041ac00000, 0x000000041b000000|  0%| F|  |TAMS 0x000000041ac00000, 0x000000041ac00000| Untracked 
|  94|0x000000041b000000, 0x000000041b000000, 0x000000041b400000|  0%| F|  |TAMS 0x000000041b000000, 0x000000041b000000| Untracked 
|  95|0x000000041b400000, 0x000000041b400000, 0x000000041b800000|  0%| F|  |TAMS 0x000000041b400000, 0x000000041b400000| Untracked 
|  96|0x000000041b800000, 0x000000041b800000, 0x000000041bc00000|  0%| F|  |TAMS 0x000000041b800000, 0x000000041b800000| Untracked 
|  97|0x000000041bc00000, 0x000000041bc00000, 0x000000041c000000|  0%| F|  |TAMS 0x000000041bc00000, 0x000000041bc00000| Untracked 
|  98|0x000000041c000000, 0x000000041c000000, 0x000000041c400000|  0%| F|  |TAMS 0x000000041c000000, 0x000000041c000000| Untracked 
|  99|0x000000041c400000, 0x000000041c400000, 0x000000041c800000|  0%| F|  |TAMS 0x000000041c400000, 0x000000041c400000| Untracked 
| 100|0x000000041c800000, 0x000000041c800000, 0x000000041cc00000|  0%| F|  |TAMS 0x000000041c800000, 0x000000041c800000| Untracked 
| 101|0x000000041cc00000, 0x000000041cc00000, 0x000000041d000000|  0%| F|  |TAMS 0x000000041cc00000, 0x000000041cc00000| Untracked 
| 102|0x000000041d000000, 0x000000041d004890, 0x000000041d400000|  0%| E|CS|TAMS 0x000000041d000000, 0x000000041d000000| Complete 
| 103|0x000000041d400000, 0x000000041d4068d0, 0x000000041d800000|  0%| S|  |TAMS 0x000000041d400000, 0x000000041d400000| Complete 
| 104|0x000000041d800000, 0x000000041dc00000, 0x000000041dc00000|100%| E|CS|TAMS 0x000000041d800000, 0x000000041d800000| Complete 
| 105|0x000000041dc00000, 0x000000041e000000, 0x000000041e000000|100%| E|CS|TAMS 0x000000041dc00000, 0x000000041dc00000| Complete 
| 106|0x000000041e000000, 0x000000041e400000, 0x000000041e400000|100%| E|CS|TAMS 0x000000041e000000, 0x000000041e000000| Complete 
| 107|0x000000041e400000, 0x000000041e800000, 0x000000041e800000|100%| E|CS|TAMS 0x000000041e400000, 0x000000041e400000| Complete 
| 108|0x000000041e800000, 0x000000041ec00000, 0x000000041ec00000|100%| E|CS|TAMS 0x000000041e800000, 0x000000041e800000| Complete 
| 109|0x000000041ec00000, 0x000000041f000000, 0x000000041f000000|100%| E|CS|TAMS 0x000000041ec00000, 0x000000041ec00000| Complete 
| 110|0x000000041f000000, 0x000000041f400000, 0x000000041f400000|100%| E|CS|TAMS 0x000000041f000000, 0x000000041f000000| Complete 
| 111|0x000000041f400000, 0x000000041f800000, 0x000000041f800000|100%| E|CS|TAMS 0x000000041f400000, 0x000000041f400000| Complete 
| 112|0x000000041f800000, 0x000000041fc00000, 0x000000041fc00000|100%| E|CS|TAMS 0x000000041f800000, 0x000000041f800000| Complete 
| 113|0x000000041fc00000, 0x0000000420000000, 0x0000000420000000|100%| E|CS|TAMS 0x000000041fc00000, 0x000000041fc00000| Complete 
| 114|0x0000000420000000, 0x0000000420400000, 0x0000000420400000|100%| E|CS|TAMS 0x0000000420000000, 0x0000000420000000| Complete 
| 115|0x0000000420400000, 0x0000000420800000, 0x0000000420800000|100%| E|CS|TAMS 0x0000000420400000, 0x0000000420400000| Complete 
| 116|0x0000000420800000, 0x0000000420c00000, 0x0000000420c00000|100%| E|CS|TAMS 0x0000000420800000, 0x0000000420800000| Complete 
| 117|0x0000000420c00000, 0x0000000421000000, 0x0000000421000000|100%| E|CS|TAMS 0x0000000420c00000, 0x0000000420c00000| Complete 
| 118|0x0000000421000000, 0x0000000421400000, 0x0000000421400000|100%| E|CS|TAMS 0x0000000421000000, 0x0000000421000000| Complete 
| 119|0x0000000421400000, 0x0000000421800000, 0x0000000421800000|100%| E|CS|TAMS 0x0000000421400000, 0x0000000421400000| Complete 
| 120|0x0000000421800000, 0x0000000421c00000, 0x0000000421c00000|100%| E|CS|TAMS 0x0000000421800000, 0x0000000421800000| Complete 
| 121|0x0000000421c00000, 0x0000000422000000, 0x0000000422000000|100%| E|CS|TAMS 0x0000000421c00000, 0x0000000421c00000| Complete 
| 122|0x0000000422000000, 0x0000000422400000, 0x0000000422400000|100%| E|CS|TAMS 0x0000000422000000, 0x0000000422000000| Complete 
| 123|0x0000000422400000, 0x0000000422800000, 0x0000000422800000|100%| E|CS|TAMS 0x0000000422400000, 0x0000000422400000| Complete 
| 124|0x0000000422800000, 0x0000000422c00000, 0x0000000422c00000|100%| E|CS|TAMS 0x0000000422800000, 0x0000000422800000| Complete 
| 125|0x0000000422c00000, 0x0000000423000000, 0x0000000423000000|100%| E|CS|TAMS 0x0000000422c00000, 0x0000000422c00000| Complete 
| 126|0x0000000423000000, 0x0000000423400000, 0x0000000423400000|100%| E|CS|TAMS 0x0000000423000000, 0x0000000423000000| Complete 
| 127|0x0000000423400000, 0x0000000423800000, 0x0000000423800000|100%| E|CS|TAMS 0x0000000423400000, 0x0000000423400000| Complete 
| 128|0x0000000423800000, 0x0000000423c00000, 0x0000000423c00000|100%| E|CS|TAMS 0x0000000423800000, 0x0000000423800000| Complete 
| 129|0x0000000423c00000, 0x0000000424000000, 0x0000000424000000|100%| E|CS|TAMS 0x0000000423c00000, 0x0000000423c00000| Complete 
| 130|0x0000000424000000, 0x0000000424400000, 0x0000000424400000|100%| E|CS|TAMS 0x0000000424000000, 0x0000000424000000| Complete 
| 131|0x0000000424400000, 0x0000000424800000, 0x0000000424800000|100%| E|CS|TAMS 0x0000000424400000, 0x0000000424400000| Complete 
| 132|0x0000000424800000, 0x0000000424c00000, 0x0000000424c00000|100%| E|CS|TAMS 0x0000000424800000, 0x0000000424800000| Complete 
| 133|0x0000000424c00000, 0x0000000425000000, 0x0000000425000000|100%| E|CS|TAMS 0x0000000424c00000, 0x0000000424c00000| Complete 
| 134|0x0000000425000000, 0x0000000425400000, 0x0000000425400000|100%| E|CS|TAMS 0x0000000425000000, 0x0000000425000000| Complete 
| 135|0x0000000425400000, 0x0000000425800000, 0x0000000425800000|100%| E|CS|TAMS 0x0000000425400000, 0x0000000425400000| Complete 
| 136|0x0000000425800000, 0x0000000425c00000, 0x0000000425c00000|100%| E|CS|TAMS 0x0000000425800000, 0x0000000425800000| Complete 
| 137|0x0000000425c00000, 0x0000000426000000, 0x0000000426000000|100%| E|CS|TAMS 0x0000000425c00000, 0x0000000425c00000| Complete 
| 138|0x0000000426000000, 0x0000000426400000, 0x0000000426400000|100%| E|CS|TAMS 0x0000000426000000, 0x0000000426000000| Complete 
| 139|0x0000000426400000, 0x0000000426800000, 0x0000000426800000|100%| E|CS|TAMS 0x0000000426400000, 0x0000000426400000| Complete 
| 140|0x0000000426800000, 0x0000000426c00000, 0x0000000426c00000|100%| E|CS|TAMS 0x0000000426800000, 0x0000000426800000| Complete 
| 141|0x0000000426c00000, 0x0000000427000000, 0x0000000427000000|100%| E|CS|TAMS 0x0000000426c00000, 0x0000000426c00000| Complete 
| 142|0x0000000427000000, 0x0000000427400000, 0x0000000427400000|100%| E|CS|TAMS 0x0000000427000000, 0x0000000427000000| Complete 
| 143|0x0000000427400000, 0x0000000427800000, 0x0000000427800000|100%| E|CS|TAMS 0x0000000427400000, 0x0000000427400000| Complete 
| 144|0x0000000427800000, 0x0000000427c00000, 0x0000000427c00000|100%| E|CS|TAMS 0x0000000427800000, 0x0000000427800000| Complete 
| 145|0x0000000427c00000, 0x0000000428000000, 0x0000000428000000|100%| E|CS|TAMS 0x0000000427c00000, 0x0000000427c00000| Complete 
| 146|0x0000000428000000, 0x0000000428400000, 0x0000000428400000|100%| E|CS|TAMS 0x0000000428000000, 0x0000000428000000| Complete 
| 147|0x0000000428400000, 0x0000000428800000, 0x0000000428800000|100%| E|CS|TAMS 0x0000000428400000, 0x0000000428400000| Complete 
| 148|0x0000000428800000, 0x0000000428c00000, 0x0000000428c00000|100%| E|CS|TAMS 0x0000000428800000, 0x0000000428800000| Complete 
| 149|0x0000000428c00000, 0x0000000429000000, 0x0000000429000000|100%| E|CS|TAMS 0x0000000428c00000, 0x0000000428c00000| Complete 
| 150|0x0000000429000000, 0x0000000429400000, 0x0000000429400000|100%| E|CS|TAMS 0x0000000429000000, 0x0000000429000000| Complete 
| 151|0x0000000429400000, 0x0000000429800000, 0x0000000429800000|100%| E|CS|TAMS 0x0000000429400000, 0x0000000429400000| Complete 
| 152|0x0000000429800000, 0x0000000429c00000, 0x0000000429c00000|100%| E|CS|TAMS 0x0000000429800000, 0x0000000429800000| Complete 
| 153|0x0000000429c00000, 0x000000042a000000, 0x000000042a000000|100%| E|CS|TAMS 0x0000000429c00000, 0x0000000429c00000| Complete 
| 154|0x000000042a000000, 0x000000042a400000, 0x000000042a400000|100%| E|CS|TAMS 0x000000042a000000, 0x000000042a000000| Complete 
| 155|0x000000042a400000, 0x000000042a800000, 0x000000042a800000|100%| E|CS|TAMS 0x000000042a400000, 0x000000042a400000| Complete 
| 156|0x000000042a800000, 0x000000042ac00000, 0x000000042ac00000|100%| E|CS|TAMS 0x000000042a800000, 0x000000042a800000| Complete 
| 157|0x000000042ac00000, 0x000000042b000000, 0x000000042b000000|100%| E|CS|TAMS 0x000000042ac00000, 0x000000042ac00000| Complete 
| 158|0x000000042b000000, 0x000000042b400000, 0x000000042b400000|100%| E|CS|TAMS 0x000000042b000000, 0x000000042b000000| Complete 
| 159|0x000000042b400000, 0x000000042b800000, 0x000000042b800000|100%| E|CS|TAMS 0x000000042b400000, 0x000000042b400000| Complete 
| 160|0x000000042b800000, 0x000000042bc00000, 0x000000042bc00000|100%| E|CS|TAMS 0x000000042b800000, 0x000000042b800000| Complete 
| 161|0x000000042bc00000, 0x000000042c000000, 0x000000042c000000|100%| E|CS|TAMS 0x000000042bc00000, 0x000000042bc00000| Complete 
| 162|0x000000042c000000, 0x000000042c400000, 0x000000042c400000|100%| E|CS|TAMS 0x000000042c000000, 0x000000042c000000| Complete 
| 163|0x000000042c400000, 0x000000042c800000, 0x000000042c800000|100%| E|CS|TAMS 0x000000042c400000, 0x000000042c400000| Complete 
| 164|0x000000042c800000, 0x000000042cc00000, 0x000000042cc00000|100%| E|CS|TAMS 0x000000042c800000, 0x000000042c800000| Complete 
| 165|0x000000042cc00000, 0x000000042d000000, 0x000000042d000000|100%| E|CS|TAMS 0x000000042cc00000, 0x000000042cc00000| Complete 
| 166|0x000000042d000000, 0x000000042d400000, 0x000000042d400000|100%| E|CS|TAMS 0x000000042d000000, 0x000000042d000000| Complete 
| 167|0x000000042d400000, 0x000000042d800000, 0x000000042d800000|100%| E|CS|TAMS 0x000000042d400000, 0x000000042d400000| Complete 
| 168|0x000000042d800000, 0x000000042dc00000, 0x000000042dc00000|100%| E|CS|TAMS 0x000000042d800000, 0x000000042d800000| Complete 
| 169|0x000000042dc00000, 0x000000042e000000, 0x000000042e000000|100%| E|CS|TAMS 0x000000042dc00000, 0x000000042dc00000| Complete 
| 170|0x000000042e000000, 0x000000042e400000, 0x000000042e400000|100%| E|CS|TAMS 0x000000042e000000, 0x000000042e000000| Complete 
| 171|0x000000042e400000, 0x000000042e800000, 0x000000042e800000|100%| E|CS|TAMS 0x000000042e400000, 0x000000042e400000| Complete 
| 172|0x000000042e800000, 0x000000042ec00000, 0x000000042ec00000|100%| E|CS|TAMS 0x000000042e800000, 0x000000042e800000| Complete 
| 173|0x000000042ec00000, 0x000000042f000000, 0x000000042f000000|100%| E|CS|TAMS 0x000000042ec00000, 0x000000042ec00000| Complete 
| 174|0x000000042f000000, 0x000000042f400000, 0x000000042f400000|100%| E|CS|TAMS 0x000000042f000000, 0x000000042f000000| Complete 
| 175|0x000000042f400000, 0x000000042f800000, 0x000000042f800000|100%| E|CS|TAMS 0x000000042f400000, 0x000000042f400000| Complete 
| 176|0x000000042f800000, 0x000000042fc00000, 0x000000042fc00000|100%| E|CS|TAMS 0x000000042f800000, 0x000000042f800000| Complete 
| 177|0x000000042fc00000, 0x0000000430000000, 0x0000000430000000|100%| E|CS|TAMS 0x000000042fc00000, 0x000000042fc00000| Complete 
| 178|0x0000000430000000, 0x0000000430400000, 0x0000000430400000|100%| E|CS|TAMS 0x0000000430000000, 0x0000000430000000| Complete 
| 179|0x0000000430400000, 0x0000000430800000, 0x0000000430800000|100%| E|CS|TAMS 0x0000000430400000, 0x0000000430400000| Complete 
| 180|0x0000000430800000, 0x0000000430c00000, 0x0000000430c00000|100%| E|CS|TAMS 0x0000000430800000, 0x0000000430800000| Complete 
| 181|0x0000000430c00000, 0x0000000431000000, 0x0000000431000000|100%| E|CS|TAMS 0x0000000430c00000, 0x0000000430c00000| Complete 
| 182|0x0000000431000000, 0x0000000431400000, 0x0000000431400000|100%| E|CS|TAMS 0x0000000431000000, 0x0000000431000000| Complete 
| 183|0x0000000431400000, 0x0000000431800000, 0x0000000431800000|100%| E|CS|TAMS 0x0000000431400000, 0x0000000431400000| Complete 
| 184|0x0000000431800000, 0x0000000431c00000, 0x0000000431c00000|100%| E|CS|TAMS 0x0000000431800000, 0x0000000431800000| Complete 
| 185|0x0000000431c00000, 0x0000000432000000, 0x0000000432000000|100%| E|CS|TAMS 0x0000000431c00000, 0x0000000431c00000| Complete 
| 186|0x0000000432000000, 0x0000000432400000, 0x0000000432400000|100%| E|CS|TAMS 0x0000000432000000, 0x0000000432000000| Complete 
| 187|0x0000000432400000, 0x0000000432800000, 0x0000000432800000|100%| E|CS|TAMS 0x0000000432400000, 0x0000000432400000| Complete 
| 188|0x0000000432800000, 0x0000000432c00000, 0x0000000432c00000|100%| E|CS|TAMS 0x0000000432800000, 0x0000000432800000| Complete 
| 189|0x0000000432c00000, 0x0000000433000000, 0x0000000433000000|100%| E|CS|TAMS 0x0000000432c00000, 0x0000000432c00000| Complete 
| 190|0x0000000433000000, 0x0000000433400000, 0x0000000433400000|100%| E|CS|TAMS 0x0000000433000000, 0x0000000433000000| Complete 
| 191|0x0000000433400000, 0x0000000433800000, 0x0000000433800000|100%| E|CS|TAMS 0x0000000433400000, 0x0000000433400000| Complete 
| 192|0x0000000433800000, 0x0000000433c00000, 0x0000000433c00000|100%| E|CS|TAMS 0x0000000433800000, 0x0000000433800000| Complete 
| 193|0x0000000433c00000, 0x0000000434000000, 0x0000000434000000|100%| E|CS|TAMS 0x0000000433c00000, 0x0000000433c00000| Complete 
| 194|0x0000000434000000, 0x0000000434400000, 0x0000000434400000|100%| E|CS|TAMS 0x0000000434000000, 0x0000000434000000| Complete 
| 195|0x0000000434400000, 0x0000000434800000, 0x0000000434800000|100%| E|CS|TAMS 0x0000000434400000, 0x0000000434400000| Complete 
| 196|0x0000000434800000, 0x0000000434c00000, 0x0000000434c00000|100%| E|CS|TAMS 0x0000000434800000, 0x0000000434800000| Complete 
| 197|0x0000000434c00000, 0x0000000435000000, 0x0000000435000000|100%| E|CS|TAMS 0x0000000434c00000, 0x0000000434c00000| Complete 
| 198|0x0000000435000000, 0x0000000435400000, 0x0000000435400000|100%| E|CS|TAMS 0x0000000435000000, 0x0000000435000000| Complete 
| 199|0x0000000435400000, 0x0000000435800000, 0x0000000435800000|100%| E|CS|TAMS 0x0000000435400000, 0x0000000435400000| Complete 
| 200|0x0000000435800000, 0x0000000435c00000, 0x0000000435c00000|100%| E|CS|TAMS 0x0000000435800000, 0x0000000435800000| Complete 
| 201|0x0000000435c00000, 0x0000000436000000, 0x0000000436000000|100%| E|CS|TAMS 0x0000000435c00000, 0x0000000435c00000| Complete 
| 202|0x0000000436000000, 0x0000000436400000, 0x0000000436400000|100%| E|CS|TAMS 0x0000000436000000, 0x0000000436000000| Complete 
| 203|0x0000000436400000, 0x0000000436800000, 0x0000000436800000|100%| E|CS|TAMS 0x0000000436400000, 0x0000000436400000| Complete 
| 204|0x0000000436800000, 0x0000000436c00000, 0x0000000436c00000|100%| E|CS|TAMS 0x0000000436800000, 0x0000000436800000| Complete 
| 205|0x0000000436c00000, 0x0000000437000000, 0x0000000437000000|100%| E|CS|TAMS 0x0000000436c00000, 0x0000000436c00000| Complete 
| 206|0x0000000437000000, 0x0000000437400000, 0x0000000437400000|100%| E|CS|TAMS 0x0000000437000000, 0x0000000437000000| Complete 
| 207|0x0000000437400000, 0x0000000437800000, 0x0000000437800000|100%| E|CS|TAMS 0x0000000437400000, 0x0000000437400000| Complete 
| 208|0x0000000437800000, 0x0000000437c00000, 0x0000000437c00000|100%| E|CS|TAMS 0x0000000437800000, 0x0000000437800000| Complete 
| 209|0x0000000437c00000, 0x0000000438000000, 0x0000000438000000|100%| E|CS|TAMS 0x0000000437c00000, 0x0000000437c00000| Complete 
| 210|0x0000000438000000, 0x0000000438400000, 0x0000000438400000|100%| E|CS|TAMS 0x0000000438000000, 0x0000000438000000| Complete 
| 211|0x0000000438400000, 0x0000000438800000, 0x0000000438800000|100%| E|CS|TAMS 0x0000000438400000, 0x0000000438400000| Complete 
| 212|0x0000000438800000, 0x0000000438c00000, 0x0000000438c00000|100%| E|CS|TAMS 0x0000000438800000, 0x0000000438800000| Complete 
| 213|0x0000000438c00000, 0x0000000439000000, 0x0000000439000000|100%| E|CS|TAMS 0x0000000438c00000, 0x0000000438c00000| Complete 
| 214|0x0000000439000000, 0x0000000439400000, 0x0000000439400000|100%| E|CS|TAMS 0x0000000439000000, 0x0000000439000000| Complete 
| 215|0x0000000439400000, 0x0000000439800000, 0x0000000439800000|100%| E|CS|TAMS 0x0000000439400000, 0x0000000439400000| Complete 
| 216|0x0000000439800000, 0x0000000439c00000, 0x0000000439c00000|100%| E|CS|TAMS 0x0000000439800000, 0x0000000439800000| Complete 
| 217|0x0000000439c00000, 0x000000043a000000, 0x000000043a000000|100%| E|CS|TAMS 0x0000000439c00000, 0x0000000439c00000| Complete 
| 218|0x000000043a000000, 0x000000043a400000, 0x000000043a400000|100%| E|CS|TAMS 0x000000043a000000, 0x000000043a000000| Complete 
| 219|0x000000043a400000, 0x000000043a800000, 0x000000043a800000|100%| E|CS|TAMS 0x000000043a400000, 0x000000043a400000| Complete 
| 220|0x000000043a800000, 0x000000043ac00000, 0x000000043ac00000|100%| E|CS|TAMS 0x000000043a800000, 0x000000043a800000| Complete 
| 221|0x000000043ac00000, 0x000000043b000000, 0x000000043b000000|100%| E|CS|TAMS 0x000000043ac00000, 0x000000043ac00000| Complete 
| 222|0x000000043b000000, 0x000000043b400000, 0x000000043b400000|100%| E|CS|TAMS 0x000000043b000000, 0x000000043b000000| Complete 
| 223|0x000000043b400000, 0x000000043b800000, 0x000000043b800000|100%| E|CS|TAMS 0x000000043b400000, 0x000000043b400000| Complete 
| 224|0x000000043b800000, 0x000000043bc00000, 0x000000043bc00000|100%| E|CS|TAMS 0x000000043b800000, 0x000000043b800000| Complete 
| 225|0x000000043bc00000, 0x000000043c000000, 0x000000043c000000|100%| E|CS|TAMS 0x000000043bc00000, 0x000000043bc00000| Complete 
| 226|0x000000043c000000, 0x000000043c400000, 0x000000043c400000|100%| E|CS|TAMS 0x000000043c000000, 0x000000043c000000| Complete 
| 227|0x000000043c400000, 0x000000043c800000, 0x000000043c800000|100%| E|CS|TAMS 0x000000043c400000, 0x000000043c400000| Complete 
| 228|0x000000043c800000, 0x000000043cc00000, 0x000000043cc00000|100%| E|CS|TAMS 0x000000043c800000, 0x000000043c800000| Complete 
| 229|0x000000043cc00000, 0x000000043d000000, 0x000000043d000000|100%| E|CS|TAMS 0x000000043cc00000, 0x000000043cc00000| Complete 
| 230|0x000000043d000000, 0x000000043d400000, 0x000000043d400000|100%| E|CS|TAMS 0x000000043d000000, 0x000000043d000000| Complete 
| 231|0x000000043d400000, 0x000000043d800000, 0x000000043d800000|100%| E|CS|TAMS 0x000000043d400000, 0x000000043d400000| Complete 
| 232|0x000000043d800000, 0x000000043dc00000, 0x000000043dc00000|100%| E|CS|TAMS 0x000000043d800000, 0x000000043d800000| Complete 
| 233|0x000000043dc00000, 0x000000043e000000, 0x000000043e000000|100%| E|CS|TAMS 0x000000043dc00000, 0x000000043dc00000| Complete 
| 234|0x000000043e000000, 0x000000043e400000, 0x000000043e400000|100%| E|CS|TAMS 0x000000043e000000, 0x000000043e000000| Complete 
| 235|0x000000043e400000, 0x000000043e800000, 0x000000043e800000|100%| E|CS|TAMS 0x000000043e400000, 0x000000043e400000| Complete 
| 236|0x000000043e800000, 0x000000043ec00000, 0x000000043ec00000|100%| E|CS|TAMS 0x000000043e800000, 0x000000043e800000| Complete 
| 237|0x000000043ec00000, 0x000000043f000000, 0x000000043f000000|100%| E|CS|TAMS 0x000000043ec00000, 0x000000043ec00000| Complete 
| 238|0x000000043f000000, 0x000000043f400000, 0x000000043f400000|100%| E|CS|TAMS 0x000000043f000000, 0x000000043f000000| Complete 
| 239|0x000000043f400000, 0x000000043f800000, 0x000000043f800000|100%| E|CS|TAMS 0x000000043f400000, 0x000000043f400000| Complete 
| 240|0x000000043f800000, 0x000000043fc00000, 0x000000043fc00000|100%| E|CS|TAMS 0x000000043f800000, 0x000000043f800000| Complete 
| 241|0x000000043fc00000, 0x0000000440000000, 0x0000000440000000|100%| E|CS|TAMS 0x000000043fc00000, 0x000000043fc00000| Complete 
| 242|0x0000000440000000, 0x0000000440400000, 0x0000000440400000|100%| E|CS|TAMS 0x0000000440000000, 0x0000000440000000| Complete 
| 243|0x0000000440400000, 0x0000000440800000, 0x0000000440800000|100%| E|CS|TAMS 0x0000000440400000, 0x0000000440400000| Complete 
| 244|0x0000000440800000, 0x0000000440c00000, 0x0000000440c00000|100%| E|CS|TAMS 0x0000000440800000, 0x0000000440800000| Complete 
| 245|0x0000000440c00000, 0x0000000441000000, 0x0000000441000000|100%| E|CS|TAMS 0x0000000440c00000, 0x0000000440c00000| Complete 
| 246|0x0000000441000000, 0x0000000441400000, 0x0000000441400000|100%| E|CS|TAMS 0x0000000441000000, 0x0000000441000000| Complete 
| 247|0x0000000441400000, 0x0000000441800000, 0x0000000441800000|100%| E|CS|TAMS 0x0000000441400000, 0x0000000441400000| Complete 
| 248|0x0000000441800000, 0x0000000441c00000, 0x0000000441c00000|100%| E|CS|TAMS 0x0000000441800000, 0x0000000441800000| Complete 
| 249|0x0000000441c00000, 0x0000000442000000, 0x0000000442000000|100%| E|CS|TAMS 0x0000000441c00000, 0x0000000441c00000| Complete 
| 250|0x0000000442000000, 0x0000000442400000, 0x0000000442400000|100%| E|CS|TAMS 0x0000000442000000, 0x0000000442000000| Complete 
| 251|0x0000000442400000, 0x0000000442800000, 0x0000000442800000|100%| E|CS|TAMS 0x0000000442400000, 0x0000000442400000| Complete 
| 252|0x0000000442800000, 0x0000000442c00000, 0x0000000442c00000|100%| E|CS|TAMS 0x0000000442800000, 0x0000000442800000| Complete 
| 253|0x0000000442c00000, 0x0000000443000000, 0x0000000443000000|100%| E|CS|TAMS 0x0000000442c00000, 0x0000000442c00000| Complete 
| 254|0x0000000443000000, 0x0000000443400000, 0x0000000443400000|100%| E|CS|TAMS 0x0000000443000000, 0x0000000443000000| Complete 
| 255|0x0000000443400000, 0x0000000443800000, 0x0000000443800000|100%| E|CS|TAMS 0x0000000443400000, 0x0000000443400000| Complete 

Card table byte_map: [0x0000019675eb0000,0x0000019677ea0000] _byte_map_base: 0x0000019673e94000

Marking Bits (Prev, Next): (CMBitMap*) 0x000001966bc29188, (CMBitMap*) 0x000001966bc291c0
 Prev Bits: [0x000001960f000000, 0x000001961ef20000)
 Next Bits: [0x000001961ef20000, 0x000001962ee40000)

Polling page: 0x000001966b340000

Metaspace:

Usage:
  Non-class:      8.13 MB capacity,     8.05 MB (>99%) used,    73.88 KB ( <1%) free+waste,     6.75 KB ( <1%) overhead. 
      Class:    805.00 KB capacity,   790.02 KB ( 98%) used,    12.35 KB (  2%) free+waste,     2.63 KB ( <1%) overhead. 
       Both:      8.91 MB capacity,     8.82 MB ( 99%) used,    86.23 KB ( <1%) free+waste,     9.38 KB ( <1%) overhead. 

Virtual space:
  Non-class space:       10.00 MB reserved,       8.25 MB ( 83%) committed 
      Class space:        1.00 GB reserved,     896.00 KB ( <1%) committed 
             Both:        1.01 GB reserved,       9.13 MB ( <1%) committed 

Chunk freelists:
   Non-Class:  7.75 KB
       Class:  3.38 KB
        Both:  11.13 KB

CodeHeap 'non-profiled nmethods': size=119168Kb used=133Kb max_used=133Kb free=119035Kb
 bounds [0x0000019607ba0000, 0x0000019607e10000, 0x000001960f000000]
CodeHeap 'profiled nmethods': size=119168Kb used=685Kb max_used=685Kb free=118482Kb
 bounds [0x0000019600740000, 0x00000196009b0000, 0x0000019607ba0000]
CodeHeap 'non-nmethods': size=7424Kb used=1156Kb max_used=2861Kb free=6267Kb
 bounds [0x0000019600000000, 0x00000196002d0000, 0x0000019600740000]
 total_blobs=839 nmethods=476 adapters=283
 compilation: enabled
              stopped_count=0, restarted_count=0
 full_count=0

Compilation events (10 events):
Event: 801.773 Thread 0x000001967d32e800 nmethod 471 0x00000196007e9c10 code [0x00000196007e9dc0, 0x00000196007e9f38]
Event: 801.773 Thread 0x000001967d32e800  472       3       org.eclipse.jdt.launching.internal.org.objectweb.asm.SymbolTable$Entry::<init> (18 bytes)
Event: 801.773 Thread 0x000001967d32e800 nmethod 472 0x00000196007ea090 code [0x00000196007ea240, 0x00000196007ea3c8]
Event: 801.773 Thread 0x000001967d32d800 nmethod 473 0x0000019607bbfb10 code [0x0000019607bbfca0, 0x0000019607bbfe78]
Event: 816.712 Thread 0x000001967d32e800  474       3       org.eclipse.jdt.launching.internal.org.objectweb.asm.ClassReader::readInt (52 bytes)
Event: 816.712 Thread 0x000001967d32e800 nmethod 474 0x00000196007ea490 code [0x00000196007ea620, 0x00000196007ea7f8]
Event: 819.892 Thread 0x000001967d32d800  475       4       org.eclipse.jdt.launching.internal.org.objectweb.asm.ClassReader::readUtf (161 bytes)
Event: 819.902 Thread 0x000001967d32d800 nmethod 475 0x0000019607bc0010 code [0x0000019607bc01e0, 0x0000019607bc0e18]
Event: 1182.254 Thread 0x000001967d32e800  476       3       org.eclipse.jdt.launching.internal.org.objectweb.asm.ClassReader::readUtf (161 bytes)
Event: 1182.255 Thread 0x000001967d32e800 nmethod 476 0x00000196007ea910 code [0x00000196007eab00, 0x00000196007eb0f8]

GC Heap History (10 events):
Event: 1027.187 GC heap after
{Heap after GC invocations=26 (full 0):
 garbage-first heap   total 1048576K, used 30143K [0x0000000403800000, 0x0000000800000000)
  region size 4096K, 1 young (4096K), 1 survivors (4096K)
 Metaspace       used 9019K, capacity 9127K, committed 9344K, reserved 1058816K
  class space    used 789K, capacity 805K, committed 896K, reserved 1048576K
}
Event: 1061.248 GC heap before
{Heap before GC invocations=26 (full 0):
 garbage-first heap   total 1048576K, used 652735K [0x0000000403800000, 0x0000000800000000)
  region size 4096K, 153 young (626688K), 1 survivors (4096K)
 Metaspace       used 9019K, capacity 9127K, committed 9344K, reserved 1058816K
  class space    used 789K, capacity 805K, committed 896K, reserved 1048576K
}
Event: 1061.249 GC heap after
{Heap after GC invocations=27 (full 0):
 garbage-first heap   total 1048576K, used 30147K [0x0000000403800000, 0x0000000800000000)
  region size 4096K, 1 young (4096K), 1 survivors (4096K)
 Metaspace       used 9019K, capacity 9127K, committed 9344K, reserved 1058816K
  class space    used 789K, capacity 805K, committed 896K, reserved 1048576K
}
Event: 1095.272 GC heap before
{Heap before GC invocations=27 (full 0):
 garbage-first heap   total 1048576K, used 652739K [0x0000000403800000, 0x0000000800000000)
  region size 4096K, 153 young (626688K), 1 survivors (4096K)
 Metaspace       used 9019K, capacity 9127K, committed 9344K, reserved 1058816K
  class space    used 789K, capacity 805K, committed 896K, reserved 1048576K
}
Event: 1095.272 GC heap after
{Heap after GC invocations=28 (full 0):
 garbage-first heap   total 1048576K, used 30159K [0x0000000403800000, 0x0000000800000000)
  region size 4096K, 1 young (4096K), 1 survivors (4096K)
 Metaspace       used 9019K, capacity 9127K, committed 9344K, reserved 1058816K
  class space    used 789K, capacity 805K, committed 896K, reserved 1048576K
}
Event: 1129.223 GC heap before
{Heap before GC invocations=28 (full 0):
 garbage-first heap   total 1048576K, used 652751K [0x0000000403800000, 0x0000000800000000)
  region size 4096K, 153 young (626688K), 1 survivors (4096K)
 Metaspace       used 9019K, capacity 9127K, committed 9344K, reserved 1058816K
  class space    used 789K, capacity 805K, committed 896K, reserved 1048576K
}
Event: 1129.224 GC heap after
{Heap after GC invocations=29 (full 0):
 garbage-first heap   total 1048576K, used 30157K [0x0000000403800000, 0x0000000800000000)
  region size 4096K, 1 young (4096K), 1 survivors (4096K)
 Metaspace       used 9019K, capacity 9127K, committed 9344K, reserved 1058816K
  class space    used 789K, capacity 805K, committed 896K, reserved 1048576K
}
Event: 1163.086 GC heap before
{Heap before GC invocations=29 (full 0):
 garbage-first heap   total 1048576K, used 652749K [0x0000000403800000, 0x0000000800000000)
  region size 4096K, 153 young (626688K), 1 survivors (4096K)
 Metaspace       used 9019K, capacity 9127K, committed 9344K, reserved 1058816K
  class space    used 789K, capacity 805K, committed 896K, reserved 1048576K
}
Event: 1163.087 GC heap after
{Heap after GC invocations=30 (full 0):
 garbage-first heap   total 1048576K, used 30147K [0x0000000403800000, 0x0000000800000000)
  region size 4096K, 1 young (4096K), 1 survivors (4096K)
 Metaspace       used 9019K, capacity 9127K, committed 9344K, reserved 1058816K
  class space    used 789K, capacity 805K, committed 896K, reserved 1048576K
}
Event: 1197.162 GC heap before
{Heap before GC invocations=30 (full 0):
 garbage-first heap   total 1048576K, used 652739K [0x0000000403800000, 0x0000000800000000)
  region size 4096K, 153 young (626688K), 1 survivors (4096K)
 Metaspace       used 9031K, capacity 9127K, committed 9344K, reserved 1058816K
  class space    used 790K, capacity 805K, committed 896K, reserved 1048576K
}

Deoptimization events (5 events):
Event: 0.317 Thread 0x000001966bbea000 Uncommon trap: reason=unstable_if action=reinterpret pc=0x0000019607baa95c method=java.lang.String.isLatin1()Z @ 10 c2
Event: 0.357 Thread 0x000001966bbea000 Uncommon trap: reason=unstable_if action=reinterpret pc=0x0000019607badccc method=java.util.HashMap.putVal(ILjava/lang/Object;Ljava/lang/Object;ZZ)Ljava/lang/Object; @ 181 c2
Event: 0.439 Thread 0x000001966bbea000 Uncommon trap: reason=unstable_if action=reinterpret pc=0x0000019607bae5f4 method=java.lang.String.isLatin1()Z @ 10 c2
Event: 246.288 Thread 0x000001967df19800 Uncommon trap: reason=unstable_if action=reinterpret pc=0x0000019607ba8a40 method=java.lang.String.isLatin1()Z @ 10 c2
Event: 1168.234 Thread 0x000001967df19800 Uncommon trap: reason=unstable_if action=reinterpret pc=0x0000019607bc0cd0 method=org.eclipse.jdt.launching.internal.org.objectweb.asm.ClassReader.readUtf(II[C)Ljava/lang/String; @ 69 c2

Classes redefined (10 events):
Event: 839.986 Thread 0x000001967d297000 redefined class name=exercism.org.SqueakyClean, count=27
Event: 886.327 Thread 0x000001967d297000 redefined class name=exercism.org.SqueakyClean, count=28
Event: 894.327 Thread 0x000001967d297000 redefined class name=exercism.org.SqueakyClean, count=29
Event: 904.515 Thread 0x000001967d297000 redefined class name=exercism.org.SqueakyClean, count=30
Event: 929.295 Thread 0x000001967d297000 redefined class name=exercism.org.SqueakyClean, count=31
Event: 951.060 Thread 0x000001967d297000 redefined class name=exercism.org.SqueakyClean, count=32
Event: 966.681 Thread 0x000001967d297000 redefined class name=exercism.org.SqueakyClean, count=33
Event: 980.252 Thread 0x000001967d297000 redefined class name=exercism.org.SqueakyClean, count=34
Event: 1168.235 Thread 0x000001967d297000 redefined class name=exercism.org.SqueakyClean, count=35
Event: 1182.255 Thread 0x000001967d297000 redefined class name=exercism.org.SqueakyClean, count=36

Internal exceptions (0 events):
No events

Events (10 events):
Event: 1168.234 Thread 0x000001967df19800 DEOPT UNPACKING pc=0x000001960003b3af sp=0x00000060046fdcf0 mode 2
Event: 1168.234 Executing VM operation: RedefineClasses
Event: 1168.236 Executing VM operation: RedefineClasses done
Event: 1168.309 Executing VM operation: ChangeBreakpoints
Event: 1168.309 Executing VM operation: ChangeBreakpoints done
Event: 1182.254 Executing VM operation: RedefineClasses
Event: 1182.255 Executing VM operation: RedefineClasses done
Event: 1182.328 Executing VM operation: ChangeBreakpoints
Event: 1182.328 Executing VM operation: ChangeBreakpoints done
Event: 1197.162 Executing VM operation: G1CollectForAllocation


Dynamic libraries:
0x00007ff76bc40000 - 0x00007ff76bc4f000 	C:\Program Files\Java\jdk-11.0.16\bin\javaw.exe
0x00007ffae0350000 - 0x00007ffae0548000 	C:\windows\SYSTEM32\ntdll.dll
0x00007ffadefa0000 - 0x00007ffadf05f000 	C:\windows\System32\KERNEL32.DLL
0x00007ffaddfd0000 - 0x00007ffade2c6000 	C:\windows\System32\KERNELBASE.dll
0x00007ffaddbf0000 - 0x00007ffaddcf0000 	C:\windows\System32\ucrtbase.dll
0x00007ffa9e860000 - 0x00007ffa9e875000 	C:\Program Files\Java\jdk-11.0.16\bin\VCRUNTIME140.dll
0x00007ffa9ac40000 - 0x00007ffa9ac58000 	C:\Program Files\Java\jdk-11.0.16\bin\jli.dll
0x00007ffae0240000 - 0x00007ffae02ef000 	C:\windows\System32\ADVAPI32.dll
0x00007ffadf060000 - 0x00007ffadf0fe000 	C:\windows\System32\msvcrt.dll
0x00007ffadfae0000 - 0x00007ffadfb7c000 	C:\windows\System32\sechost.dll
0x00007ffaded50000 - 0x00007ffadee76000 	C:\windows\System32\RPCRT4.dll
0x00007ffade500000 - 0x00007ffade69d000 	C:\windows\System32\USER32.dll
0x00007ffadda30000 - 0x00007ffadda52000 	C:\windows\System32\win32u.dll
0x00007ffade4d0000 - 0x00007ffade4fc000 	C:\windows\System32\GDI32.dll
0x00007ffaddcf0000 - 0x00007ffadde05000 	C:\windows\System32\gdi32full.dll
0x00007ffaddf30000 - 0x00007ffaddfcd000 	C:\windows\System32\msvcp_win.dll
0x00007ffab9620000 - 0x00007ffab98ba000 	C:\windows\WinSxS\amd64_microsoft.windows.common-controls_6595b64144ccf1df_6.0.19041.1110_none_60b5254171f9507e\COMCTL32.dll
0x00007ffad52c0000 - 0x00007ffad52ca000 	C:\windows\SYSTEM32\VERSION.dll
0x00007ffade480000 - 0x00007ffade4b0000 	C:\windows\System32\IMM32.DLL
0x00007ffacb000000 - 0x00007ffacb16b000 	C:\windows\system32\tmumh\20019\AddOn\8.55.0.1129\TmUmEvt64.dll
0x00007ffadf990000 - 0x00007ffadf998000 	C:\windows\System32\PSAPI.DLL
0x000000005dde0000 - 0x000000005df53000 	C:\windows\system32\tmumh\20019\TmMon\2.9.0.1048\tmmon64.dll
0x00007ffab3e50000 - 0x00007ffab3e88000 	C:\Program Files\CyberArk\Endpoint Privilege Manager\Agent\PASAgent\SFDP_Detours64.dll
0x00007ffa829d0000 - 0x00007ffa82d01000 	C:\windows\System32\TmLWE\TmUmSnsr64\1.0.0.1119\TmUmSnsr64.dll
0x00007ffadc070000 - 0x00007ffadc082000 	C:\windows\SYSTEM32\kernel.appcore.dll
0x00007ffa97a00000 - 0x00007ffa97a9b000 	C:\Program Files\Java\jdk-11.0.16\bin\msvcp140.dll
0x00007ffa963c0000 - 0x00007ffa96ed8000 	C:\Program Files\Java\jdk-11.0.16\bin\server\jvm.dll
0x00007ffac3370000 - 0x00007ffac3379000 	C:\windows\SYSTEM32\WSOCK32.dll
0x00007ffadfc30000 - 0x00007ffadfc9b000 	C:\windows\System32\WS2_32.dll
0x00007ffac6b60000 - 0x00007ffac6b87000 	C:\windows\SYSTEM32\WINMM.dll
0x00007ffac0f40000 - 0x00007ffac0f50000 	C:\Program Files\Java\jdk-11.0.16\bin\verify.dll
0x00007ffadbd90000 - 0x00007ffadbf74000 	C:\windows\SYSTEM32\DBGHELP.DLL
0x00007ffac5e60000 - 0x00007ffac5e94000 	C:\windows\SYSTEM32\dbgcore.DLL
0x00007ffade2d0000 - 0x00007ffade352000 	C:\windows\System32\bcryptPrimitives.dll
0x00007ffa979d0000 - 0x00007ffa979f8000 	C:\Program Files\Java\jdk-11.0.16\bin\java.dll
0x00007ffabfb20000 - 0x00007ffabfb2a000 	C:\Program Files\Java\jdk-11.0.16\bin\jimage.dll
0x00007ffa97910000 - 0x00007ffa97948000 	C:\Program Files\Java\jdk-11.0.16\bin\jdwp.dll
0x00007ffabbfa0000 - 0x00007ffabbfae000 	C:\Program Files\Java\jdk-11.0.16\bin\instrument.dll
0x00007ffa979b0000 - 0x00007ffa979c6000 	C:\Program Files\Java\jdk-11.0.16\bin\zip.dll
0x00007ffadf1e0000 - 0x00007ffadf924000 	C:\windows\System32\SHELL32.dll
0x00007ffadb520000 - 0x00007ffadbcb4000 	C:\windows\SYSTEM32\windows.storage.dll
0x00007ffade6a0000 - 0x00007ffade9f4000 	C:\windows\System32\combase.dll
0x00007ffadd320000 - 0x00007ffadd34e000 	C:\windows\SYSTEM32\Wldp.dll
0x00007ffadeca0000 - 0x00007ffaded4d000 	C:\windows\System32\SHCORE.dll
0x00007ffadf100000 - 0x00007ffadf155000 	C:\windows\System32\shlwapi.dll
0x00007ffadd960000 - 0x00007ffadd985000 	C:\windows\SYSTEM32\profapi.dll
0x00007ffaca950000 - 0x00007ffaca95a000 	C:\Program Files\Java\jdk-11.0.16\bin\dt_socket.dll
0x00007ffadd100000 - 0x00007ffadd16a000 	C:\windows\System32\mswsock.dll
0x00007ffadcdf0000 - 0x00007ffadceba000 	C:\windows\SYSTEM32\DNSAPI.dll
0x00007ffadcdb0000 - 0x00007ffadcdec000 	C:\windows\SYSTEM32\IPHLPAPI.DLL
0x00007ffade4b0000 - 0x00007ffade4b8000 	C:\windows\System32\NSI.dll
0x00007ffad7d90000 - 0x00007ffad7e12000 	C:\windows\System32\fwpuclnt.dll
0x00007ffadda60000 - 0x00007ffadda87000 	C:\windows\System32\bcrypt.dll
0x00007ffad3880000 - 0x00007ffad388a000 	C:\Windows\System32\rasadhlp.dll
0x00007ffaa4d20000 - 0x00007ffaa4d39000 	C:\Program Files\Java\jdk-11.0.16\bin\net.dll
0x00007ffad5e50000 - 0x00007ffad5f5a000 	C:\windows\SYSTEM32\WINHTTP.dll
0x00007ffaa4d00000 - 0x00007ffaa4d12000 	C:\Program Files\Java\jdk-11.0.16\bin\nio.dll

dbghelp: loaded successfully - version: 4.0.5 - missing functions: none
symbol engine: initialized successfully - sym options: 0x614 - pdb path: .;C:\Program Files\Java\jdk-11.0.16\bin;C:\windows\SYSTEM32;C:\windows\WinSxS\amd64_microsoft.windows.common-controls_6595b64144ccf1df_6.0.19041.1110_none_60b5254171f9507e;C:\windows\system32\tmumh\20019\AddOn\8.55.0.1129;C:\windows\system32\tmumh\20019\TmMon\2.9.0.1048;C:\Program Files\CyberArk\Endpoint Privilege Manager\Agent\PASAgent;C:\windows\System32\TmLWE\TmUmSnsr64\1.0.0.1119;C:\Program Files\Java\jdk-11.0.16\bin\server

VM Arguments:
jvm_args: -agentlib:jdwp=transport=dt_socket,suspend=y,address=localhost:55408 -javaagent:D:\Eclipse\sds-ee\eclipse\configuration\org.eclipse.osgi\469\0\.cp\lib\javaagent-shaded.jar -Dfile.encoding=UTF-8 
java_command: exercism.org.SqueakyClean
java_class_path (initial): D:\sds\exercim\target\classes
Launcher Type: SUN_STANDARD

[Global flags]
     intx CICompilerCount                          = 12                                        {product} {ergonomic}
     uint ConcGCThreads                            = 4                                         {product} {ergonomic}
     uint G1ConcRefinementThreads                  = 15                                        {product} {ergonomic}
   size_t G1HeapRegionSize                         = 4194304                                   {product} {ergonomic}
    uintx GCDrainStackTargetSize                   = 64                                        {product} {ergonomic}
   size_t InitialHeapSize                          = 1073741824                                {product} {ergonomic}
   size_t MarkStackSize                            = 4194304                                   {product} {ergonomic}
   size_t MaxHeapSize                              = 17121148928                               {product} {ergonomic}
   size_t MaxNewSize                               = 10271850496                               {product} {ergonomic}
   size_t MinHeapDeltaBytes                        = 4194304                                   {product} {ergonomic}
    uintx NonNMethodCodeHeapSize                   = 7594288                                {pd product} {ergonomic}
    uintx NonProfiledCodeHeapSize                  = 122031976                              {pd product} {ergonomic}
    uintx ProfiledCodeHeapSize                     = 122031976                              {pd product} {ergonomic}
    uintx ReservedCodeCacheSize                    = 251658240                              {pd product} {ergonomic}
     bool SegmentedCodeCache                       = true                                      {product} {ergonomic}
     bool UseCompressedClassPointers               = true                                 {lp64_product} {ergonomic}
     bool UseCompressedOops                        = true                                 {lp64_product} {ergonomic}
     bool UseG1GC                                  = true                                      {product} {ergonomic}
     bool UseLargePagesIndividualAllocation        = false                                  {pd product} {ergonomic}

Logging:
Log output configuration:
 #0: stdout all=warning uptime,level,tags
 #1: stderr all=off uptime,level,tags

Environment Variables:
PATH=C:\Program Files\Common Files\Oracle\Java\javapath;C:\windows\system32;C:\windows;C:\windows\System32\Wbem;C:\windows\System32\WindowsPowerShell\v1.0\;C:\windows\System32\OpenSSH\;C:\Users\096066330647\AppData\Roaming\Microsoft\Windows\Start Menu\Programs\Python 3.11;C:\Program Files\Git\cmd;C:\Program Files\nodejs\;C:\Program Files\MySQL\MySQL Shell 8.0\bin\;C:\Users\096066330647\AppData\Local\Microsoft\WindowsApps;C:\Users\096066330647\AppData\Roaming\npm;C:\Users\096066330647\AppData\Local\Programs\Microsoft VS Code\bin;C:\Users\096066330647\AppData\Roaming\Microsoft\Windows\Start Menu\Programs\Python 3.11;C:\Evandro\kotlinc\bin;
USERNAME=096066330647
OS=Windows_NT
PROCESSOR_IDENTIFIER=Intel64 Family 6 Model 165 Stepping 5, GenuineIntel



---------------  S Y S T E M  ---------------

OS: Windows 10 , 64 bit Build 19041 (10.0.19041.3155)
Hyper-V role detected

CPU:total 20 (initial active 20) (10 cores per cpu, 2 threads per core) family 6 model 165 stepping 5 microcode 0xf0, cmov, cx8, fxsr, mmx, sse, sse2, sse3, ssse3, sse4.1, sse4.2, popcnt, avx, avx2, aes, clmul, erms, 3dnowpref, lzcnt, ht, tsc, tscinvbit, bmi1, bmi2, adx, fma

Memory: 4k page, system-wide physical 65311M (46838M free)
TotalPageFile size 75039M (AvailPageFile size 50009M)
current process WorkingSet (physical memory assigned to process): 710M, peak: 710M
current process commit charge ("private bytes"): 1165M, peak: 1167M

vm_info: Java HotSpot(TM) 64-Bit Server VM (11.0.16+11-LTS-199) for windows-amd64 JRE (11.0.16+11-LTS-199), built on Jun 28 2022 08:23:17 by "mach5one" with MS VC++ 15.9 (VS2017)

END.
